This file contains any messages produced by compilers while
running configure, to aid debugging if configure makes a mistake.

It was created by src/wxDummyProgramFrame.cpp configure src/wxDummyProgramFrameApp.cpp, which was
generated by GNU Autoconf 2.59.  Invocation command line was

  $ ./configure 

## --------- ##
## Platform. ##
## --------- ##

hostname = localhost.localdomain
uname -m = i686
uname -r = 2.6.11-1.1369_FC4
uname -s = Linux
uname -v = #1 Thu Jun 2 22:55:56 EDT 2005

/usr/bin/uname -p = unknown
/bin/uname -X     = unknown

/bin/arch              = i686
/usr/bin/arch -k       = unknown
/usr/convex/getsysinfo = unknown
hostinfo               = unknown
/bin/machine           = unknown
/usr/bin/oslevel       = unknown
/bin/universe          = unknown

PATH: /usr/kerberos/bin
PATH: /usr/local/bin
PATH: /usr/bin
PATH: /bin
PATH: /usr/X11R6/bin
PATH: /usr/games
PATH: .
PATH: /home/moi
PATH: /home/moi/bin
PATH: .
PATH: /home/moi/bin
PATH: .
PATH: /home/moi
PATH: /home/moi/bin


## ----------- ##
## Core tests. ##
## ----------- ##

configure:1549: checking for a BSD-compatible install
configure:1604: result: /usr/bin/install -c
configure:1615: checking whether build environment is sane
configure:1658: result: yes
configure:1723: checking for gawk
configure:1739: found /usr/bin/gawk
configure:1749: result: gawk
configure:1759: checking whether make sets $(MAKE)
configure:1779: result: yes
configure:2000: checking for g++
configure:2016: found /usr/bin/g++
configure:2026: result: g++
configure:2042: checking for C++ compiler version
configure:2045: g++ --version </dev/null >&5
g++ (GCC) 4.0.0 20050519 (Red Hat 4.0.0-8)
Copyright (C) 2005 Free Software Foundation, Inc.
This is free software; see the source for copying conditions.  There is NO
warranty; not even for MERCHANTABILITY or FITNESS FOR A PARTICULAR PURPOSE.

configure:2048: $? = 0
configure:2050: g++ -v </dev/null >&5
Using built-in specs.
Target: i386-redhat-linux
Configured with: ../configure --prefix=/usr --mandir=/usr/share/man --infodir=/usr/share/info --enable-shared --enable-threads=posix --enable-checking=release --with-system-zlib --enable-__cxa_atexit --disable-libunwind-exceptions --enable-libgcj-multifile --enable-languages=c,c++,objc,java,f95,ada --enable-java-awt=gtk --with-java-home=/usr/lib/jvm/java-1.4.2-gcj-1.4.2.0/jre --host=i386-redhat-linux
Thread model: posix
gcc version 4.0.0 20050519 (Red Hat 4.0.0-8)
configure:2053: $? = 0
configure:2055: g++ -V </dev/null >&5
g++: '-V' option must have argument
configure:2058: $? = 1
configure:2081: checking for C++ compiler default output file name
configure:2084: g++    conftest.cc  >&5
configure:2087: $? = 0
configure:2133: result: a.out
configure:2138: checking whether the C++ compiler works
configure:2144: ./a.out
configure:2147: $? = 0
configure:2164: result: yes
configure:2171: checking whether we are cross compiling
configure:2173: result: no
configure:2176: checking for suffix of executables
configure:2178: g++ -o conftest    conftest.cc  >&5
configure:2181: $? = 0
configure:2206: result: 
configure:2212: checking for suffix of object files
configure:2233: g++ -c   conftest.cc >&5
configure:2236: $? = 0
configure:2258: result: o
configure:2262: checking whether we are using the GNU C++ compiler
configure:2286: g++ -c   conftest.cc >&5
configure:2292: $? = 0
configure:2296: test -z 
			 || test ! -s conftest.err
configure:2299: $? = 0
configure:2302: test -s conftest.o
configure:2305: $? = 0
configure:2318: result: yes
configure:2324: checking whether g++ accepts -g
configure:2345: g++ -c -g  conftest.cc >&5
configure:2351: $? = 0
configure:2355: test -z 
			 || test ! -s conftest.err
configure:2358: $? = 0
configure:2361: test -s conftest.o
configure:2364: $? = 0
configure:2375: result: yes
configure:2417: g++ -c -g -O2  conftest.cc >&5
configure:2423: $? = 0
configure:2427: test -z 
			 || test ! -s conftest.err
configure:2430: $? = 0
configure:2433: test -s conftest.o
configure:2436: $? = 0
configure:2462: g++ -c -g -O2  conftest.cc >&5
conftest.cc: In function 'int main()':
conftest.cc:15: error: 'exit' was not declared in this scope
configure:2468: $? = 1
configure: failed program was:
| /* confdefs.h.  */
| 
| #define PACKAGE_NAME "src/wxDummyProgramFrame.cpp"
| #define PACKAGE_TARNAME "src-wxdummyprogramframe-cpp"
| #define PACKAGE_VERSION "src/wxDummyProgramFrameApp.cpp"
| #define PACKAGE_STRING "src/wxDummyProgramFrame.cpp src/wxDummyProgramFrameApp.cpp"
| #define PACKAGE_BUGREPORT ""
| #define PACKAGE "wxdummy"
| #define VERSION "1"
| /* end confdefs.h.  */
| 
| int
| main ()
| {
| exit (42);
|   ;
|   return 0;
| }
configure:2417: g++ -c -g -O2  conftest.cc >&5
configure:2423: $? = 0
configure:2427: test -z 
			 || test ! -s conftest.err
configure:2430: $? = 0
configure:2433: test -s conftest.o
configure:2436: $? = 0
configure:2462: g++ -c -g -O2  conftest.cc >&5
configure:2468: $? = 0
configure:2472: test -z 
			 || test ! -s conftest.err
configure:2475: $? = 0
configure:2478: test -s conftest.o
configure:2481: $? = 0
configure:2515: checking for style of include used by make
configure:2543: result: GNU
configure:2571: checking dependency style of g++
configure:2661: result: gcc3
configure:2691: checking for a BSD-compatible install
configure:2746: result: /usr/bin/install -c
configure:2837: checking build system type
configure:2855: result: i686-redhat-linux-gnu
configure:2863: checking host system type
configure:2877: result: i686-redhat-linux-gnu
configure:2931: checking for gcc
configure:2947: found /usr/bin/gcc
configure:2957: result: gcc
configure:3201: checking for C compiler version
configure:3204: gcc --version </dev/null >&5
gcc (GCC) 4.0.0 20050519 (Red Hat 4.0.0-8)
Copyright (C) 2005 Free Software Foundation, Inc.
This is free software; see the source for copying conditions.  There is NO
warranty; not even for MERCHANTABILITY or FITNESS FOR A PARTICULAR PURPOSE.

configure:3207: $? = 0
configure:3209: gcc -v </dev/null >&5
Using built-in specs.
Target: i386-redhat-linux
Configured with: ../configure --prefix=/usr --mandir=/usr/share/man --infodir=/usr/share/info --enable-shared --enable-threads=posix --enable-checking=release --with-system-zlib --enable-__cxa_atexit --disable-libunwind-exceptions --enable-libgcj-multifile --enable-languages=c,c++,objc,java,f95,ada --enable-java-awt=gtk --with-java-home=/usr/lib/jvm/java-1.4.2-gcj-1.4.2.0/jre --host=i386-redhat-linux
Thread model: posix
gcc version 4.0.0 20050519 (Red Hat 4.0.0-8)
configure:3212: $? = 0
configure:3214: gcc -V </dev/null >&5
gcc: '-V' option must have argument
configure:3217: $? = 1
configure:3220: checking whether we are using the GNU C compiler
configure:3244: gcc -c   conftest.c >&5
configure:3250: $? = 0
configure:3254: test -z 
			 || test ! -s conftest.err
configure:3257: $? = 0
configure:3260: test -s conftest.o
configure:3263: $? = 0
configure:3276: result: yes
configure:3282: checking whether gcc accepts -g
configure:3303: gcc -c -g  conftest.c >&5
configure:3309: $? = 0
configure:3313: test -z 
			 || test ! -s conftest.err
configure:3316: $? = 0
configure:3319: test -s conftest.o
configure:3322: $? = 0
configure:3333: result: yes
configure:3350: checking for gcc option to accept ANSI C
configure:3420: gcc  -c -g -O2  conftest.c >&5
configure:3426: $? = 0
configure:3430: test -z 
			 || test ! -s conftest.err
configure:3433: $? = 0
configure:3436: test -s conftest.o
configure:3439: $? = 0
configure:3457: result: none needed
configure:3475: gcc -c -g -O2  conftest.c >&5
conftest.c:2: error: syntax error before 'me'
configure:3481: $? = 1
configure: failed program was:
| #ifndef __cplusplus
|   choke me
| #endif
configure:3616: checking dependency style of gcc
configure:3706: result: gcc3
configure:3723: checking for a sed that does not truncate output
configure:3777: result: /bin/sed
configure:3780: checking for egrep
configure:3790: result: grep -E
configure:3806: checking for ld used by gcc
configure:3873: result: /usr/bin/ld
configure:3882: checking if the linker (/usr/bin/ld) is GNU ld
configure:3897: result: yes
configure:3902: checking for /usr/bin/ld option to reload object files
configure:3909: result: -r
configure:3927: checking for BSD-compatible nm
configure:3969: result: /usr/bin/nm -B
configure:3973: checking whether ln -s works
configure:3977: result: yes
configure:3984: checking how to recognise dependent libraries
configure:4156: result: pass_all
configure:4370: checking how to run the C preprocessor
configure:4405: gcc -E  conftest.c
configure:4411: $? = 0
configure:4443: gcc -E  conftest.c
conftest.c:14:28: error: ac_nonexistent.h: No such file or directory
configure:4449: $? = 1
configure: failed program was:
| /* confdefs.h.  */
| 
| #define PACKAGE_NAME "src/wxDummyProgramFrame.cpp"
| #define PACKAGE_TARNAME "src-wxdummyprogramframe-cpp"
| #define PACKAGE_VERSION "src/wxDummyProgramFrameApp.cpp"
| #define PACKAGE_STRING "src/wxDummyProgramFrame.cpp src/wxDummyProgramFrameApp.cpp"
| #define PACKAGE_BUGREPORT ""
| #define PACKAGE "wxdummy"
| #define VERSION "1"
| #ifdef __cplusplus
| extern "C" void std::exit (int) throw (); using std::exit;
| #endif
| /* end confdefs.h.  */
| #include <ac_nonexistent.h>
configure:4488: result: gcc -E
configure:4512: gcc -E  conftest.c
configure:4518: $? = 0
configure:4550: gcc -E  conftest.c
conftest.c:14:28: error: ac_nonexistent.h: No such file or directory
configure:4556: $? = 1
configure: failed program was:
| /* confdefs.h.  */
| 
| #define PACKAGE_NAME "src/wxDummyProgramFrame.cpp"
| #define PACKAGE_TARNAME "src-wxdummyprogramframe-cpp"
| #define PACKAGE_VERSION "src/wxDummyProgramFrameApp.cpp"
| #define PACKAGE_STRING "src/wxDummyProgramFrame.cpp src/wxDummyProgramFrameApp.cpp"
| #define PACKAGE_BUGREPORT ""
| #define PACKAGE "wxdummy"
| #define VERSION "1"
| #ifdef __cplusplus
| extern "C" void std::exit (int) throw (); using std::exit;
| #endif
| /* end confdefs.h.  */
| #include <ac_nonexistent.h>
configure:4600: checking for ANSI C header files
configure:4625: gcc -c -g -O2  conftest.c >&5
configure:4631: $? = 0
configure:4635: test -z 
			 || test ! -s conftest.err
configure:4638: $? = 0
configure:4641: test -s conftest.o
configure:4644: $? = 0
configure:4733: gcc -o conftest -g -O2   conftest.c  >&5
conftest.c: In function 'main':
conftest.c:31: warning: incompatible implicit declaration of built-in function 'exit'
configure:4736: $? = 0
configure:4738: ./conftest
configure:4741: $? = 0
configure:4756: result: yes
configure:4780: checking for sys/types.h
configure:4796: gcc -c -g -O2  conftest.c >&5
configure:4802: $? = 0
configure:4806: test -z 
			 || test ! -s conftest.err
configure:4809: $? = 0
configure:4812: test -s conftest.o
configure:4815: $? = 0
configure:4826: result: yes
configure:4780: checking for sys/stat.h
configure:4796: gcc -c -g -O2  conftest.c >&5
configure:4802: $? = 0
configure:4806: test -z 
			 || test ! -s conftest.err
configure:4809: $? = 0
configure:4812: test -s conftest.o
configure:4815: $? = 0
configure:4826: result: yes
configure:4780: checking for stdlib.h
configure:4796: gcc -c -g -O2  conftest.c >&5
configure:4802: $? = 0
configure:4806: test -z 
			 || test ! -s conftest.err
configure:4809: $? = 0
configure:4812: test -s conftest.o
configure:4815: $? = 0
configure:4826: result: yes
configure:4780: checking for string.h
configure:4796: gcc -c -g -O2  conftest.c >&5
configure:4802: $? = 0
configure:4806: test -z 
			 || test ! -s conftest.err
configure:4809: $? = 0
configure:4812: test -s conftest.o
configure:4815: $? = 0
configure:4826: result: yes
configure:4780: checking for memory.h
configure:4796: gcc -c -g -O2  conftest.c >&5
configure:4802: $? = 0
configure:4806: test -z 
			 || test ! -s conftest.err
configure:4809: $? = 0
configure:4812: test -s conftest.o
configure:4815: $? = 0
configure:4826: result: yes
configure:4780: checking for strings.h
configure:4796: gcc -c -g -O2  conftest.c >&5
configure:4802: $? = 0
configure:4806: test -z 
			 || test ! -s conftest.err
configure:4809: $? = 0
configure:4812: test -s conftest.o
configure:4815: $? = 0
configure:4826: result: yes
configure:4780: checking for inttypes.h
configure:4796: gcc -c -g -O2  conftest.c >&5
configure:4802: $? = 0
configure:4806: test -z 
			 || test ! -s conftest.err
configure:4809: $? = 0
configure:4812: test -s conftest.o
configure:4815: $? = 0
configure:4826: result: yes
configure:4780: checking for stdint.h
configure:4796: gcc -c -g -O2  conftest.c >&5
configure:4802: $? = 0
configure:4806: test -z 
			 || test ! -s conftest.err
configure:4809: $? = 0
configure:4812: test -s conftest.o
configure:4815: $? = 0
configure:4826: result: yes
configure:4780: checking for unistd.h
configure:4796: gcc -c -g -O2  conftest.c >&5
configure:4802: $? = 0
configure:4806: test -z 
			 || test ! -s conftest.err
configure:4809: $? = 0
configure:4812: test -s conftest.o
configure:4815: $? = 0
configure:4826: result: yes
configure:4852: checking dlfcn.h usability
configure:4864: gcc -c -g -O2  conftest.c >&5
configure:4870: $? = 0
configure:4874: test -z 
			 || test ! -s conftest.err
configure:4877: $? = 0
configure:4880: test -s conftest.o
configure:4883: $? = 0
configure:4893: result: yes
configure:4897: checking dlfcn.h presence
configure:4907: gcc -E  conftest.c
configure:4913: $? = 0
configure:4933: result: yes
configure:4968: checking for dlfcn.h
configure:4975: result: yes
configure:4998: checking how to run the C++ preprocessor
configure:5029: g++ -E  conftest.cc
configure:5035: $? = 0
configure:5067: g++ -E  conftest.cc
conftest.cc:25:28: error: ac_nonexistent.h: No such file or directory
configure:5073: $? = 1
configure: failed program was:
| /* confdefs.h.  */
| 
| #define PACKAGE_NAME "src/wxDummyProgramFrame.cpp"
| #define PACKAGE_TARNAME "src-wxdummyprogramframe-cpp"
| #define PACKAGE_VERSION "src/wxDummyProgramFrameApp.cpp"
| #define PACKAGE_STRING "src/wxDummyProgramFrame.cpp src/wxDummyProgramFrameApp.cpp"
| #define PACKAGE_BUGREPORT ""
| #define PACKAGE "wxdummy"
| #define VERSION "1"
| #ifdef __cplusplus
| extern "C" void std::exit (int) throw (); using std::exit;
| #endif
| #define STDC_HEADERS 1
| #define HAVE_SYS_TYPES_H 1
| #define HAVE_SYS_STAT_H 1
| #define HAVE_STDLIB_H 1
| #define HAVE_STRING_H 1
| #define HAVE_MEMORY_H 1
| #define HAVE_STRINGS_H 1
| #define HAVE_INTTYPES_H 1
| #define HAVE_STDINT_H 1
| #define HAVE_UNISTD_H 1
| #define HAVE_DLFCN_H 1
| /* end confdefs.h.  */
| #include <ac_nonexistent.h>
configure:5112: result: g++ -E
configure:5136: g++ -E  conftest.cc
configure:5142: $? = 0
configure:5174: g++ -E  conftest.cc
conftest.cc:25:28: error: ac_nonexistent.h: No such file or directory
configure:5180: $? = 1
configure: failed program was:
| /* confdefs.h.  */
| 
| #define PACKAGE_NAME "src/wxDummyProgramFrame.cpp"
| #define PACKAGE_TARNAME "src-wxdummyprogramframe-cpp"
| #define PACKAGE_VERSION "src/wxDummyProgramFrameApp.cpp"
| #define PACKAGE_STRING "src/wxDummyProgramFrame.cpp src/wxDummyProgramFrameApp.cpp"
| #define PACKAGE_BUGREPORT ""
| #define PACKAGE "wxdummy"
| #define VERSION "1"
| #ifdef __cplusplus
| extern "C" void std::exit (int) throw (); using std::exit;
| #endif
| #define STDC_HEADERS 1
| #define HAVE_SYS_TYPES_H 1
| #define HAVE_SYS_STAT_H 1
| #define HAVE_STDLIB_H 1
| #define HAVE_STRING_H 1
| #define HAVE_MEMORY_H 1
| #define HAVE_STRINGS_H 1
| #define HAVE_INTTYPES_H 1
| #define HAVE_STDINT_H 1
| #define HAVE_UNISTD_H 1
| #define HAVE_DLFCN_H 1
| /* end confdefs.h.  */
| #include <ac_nonexistent.h>
configure:5277: checking for g77
configure:5306: result: no
configure:5277: checking for f77
configure:5306: result: no
configure:5277: checking for xlf
configure:5306: result: no
configure:5277: checking for frt
configure:5306: result: no
configure:5277: checking for pgf77
configure:5306: result: no
configure:5277: checking for fort77
configure:5306: result: no
configure:5277: checking for fl32
configure:5306: result: no
configure:5277: checking for af77
configure:5306: result: no
configure:5277: checking for f90
configure:5306: result: no
configure:5277: checking for xlf90
configure:5306: result: no
configure:5277: checking for pgf90
configure:5306: result: no
configure:5277: checking for epcf90
configure:5306: result: no
configure:5277: checking for f95
configure:5306: result: no
configure:5277: checking for fort
configure:5306: result: no
configure:5277: checking for xlf95
configure:5306: result: no
configure:5277: checking for ifc
configure:5306: result: no
configure:5277: checking for efc
configure:5306: result: no
configure:5277: checking for pgf95
configure:5306: result: no
configure:5277: checking for lf95
configure:5306: result: no
configure:5277: checking for gfortran
configure:5306: result: no
configure:5318: checking for Fortran 77 compiler version
configure:5321:  --version </dev/null >&5
./configure: line 5322: --version: command not found
configure:5324: $? = 127
configure:5326:  -v </dev/null >&5
./configure: line 5327: -v: command not found
configure:5329: $? = 127
configure:5331:  -V </dev/null >&5
./configure: line 5332: -V: command not found
configure:5334: $? = 127
configure:5342: checking whether we are using the GNU Fortran 77 compiler
configure:5356:  -c  conftest.F >&5
./configure: line 5357: -c: command not found
configure:5362: $? = 127
configure: failed program was:
|       program main
| #ifndef __GNUC__
|        choke me
| #endif
| 
|       end
configure:5388: result: no
configure:5394: checking whether  accepts -g
configure:5406:  -c -g conftest.f >&5
./configure: line 5407: -c: command not found
configure:5412: $? = 127
configure: failed program was:
|       program main
| 
|       end
configure:5437: result: no
configure:5467: checking the maximum length of command line arguments
configure:5559: result: 32768
configure:5570: checking command to parse /usr/bin/nm -B output from gcc object
configure:5666: gcc -c -g -O2  conftest.c >&5
configure:5669: $? = 0
configure:5673: /usr/bin/nm -B conftest.o \| sed -n -e 's/^.*[ 	]\([ABCDGIRSTW][ABCDGIRSTW]*\)[ 	][ 	]*\([_A-Za-z][_A-Za-z0-9]*\)$/\1 \2 \2/p' \> conftest.nm
configure:5676: $? = 0
configure:5728: gcc -o conftest -g -O2   conftest.c conftstm.o >&5
configure:5731: $? = 0
configure:5769: result: ok
configure:5773: checking for objdir
configure:5788: result: .libs
configure:5878: checking for ar
configure:5894: found /usr/bin/ar
configure:5905: result: ar
configure:5958: checking for ranlib
configure:5974: found /usr/bin/ranlib
configure:5985: result: ranlib
configure:6038: checking for strip
configure:6054: found /usr/bin/strip
configure:6065: result: strip
configure:6352: checking if gcc static flag  works
configure:6380: result: yes
configure:6398: checking if gcc supports -fno-rtti -fno-exceptions
configure:6416: gcc -c -g -O2  -fno-rtti -fno-exceptions conftest.c >&5
cc1: warning: command line option "-fno-rtti" is valid for C++/ObjC++ but not for C
configure:6420: $? = 0
configure:6433: result: no
configure:6448: checking for gcc option to produce PIC
configure:6652: result: -fPIC
configure:6660: checking if gcc PIC flag -fPIC works
configure:6678: gcc -c -g -O2  -fPIC -DPIC conftest.c >&5
configure:6682: $? = 0
configure:6695: result: yes
configure:6719: checking if gcc supports -c -o file.o
configure:6740: gcc -c -g -O2  -o out/conftest2.o conftest.c >&5
configure:6744: $? = 0
configure:6766: result: yes
configure:6792: checking whether the gcc linker (/usr/bin/ld) supports shared libraries
configure:7687: result: yes
configure:7713: checking whether -lc should be explicitly linked in
configure:7718: gcc -c -g -O2  conftest.c >&5
configure:7721: $? = 0
configure:7735: gcc -shared conftest.o  -v -Wl,-soname -Wl,conftest -o conftest 2\>\&1 \| grep  -lc  \>/dev/null 2\>\&1
configure:7738: $? = 0
configure:7750: result: no
configure:7758: checking dynamic linker characteristics
configure:8321: result: GNU/Linux ld.so
configure:8325: checking how to hardcode library paths into programs
configure:8350: result: immediate
configure:8364: checking whether stripping libraries is possible
configure:8369: result: yes
configure:8495: checking for shl_load
configure:8552: gcc -o conftest -g -O2   conftest.c  >&5
/tmp/ccssNbGa.o(.text+0x14): In function `main':
/home/moi/dummy/wxdummy/conftest.c:64: undefined reference to `shl_load'
/tmp/ccssNbGa.o(.data+0x0): undefined reference to `shl_load'
collect2: ld returned 1 exit status
configure:8558: $? = 1
configure: failed program was:
| /* confdefs.h.  */
| 
| #define PACKAGE_NAME "src/wxDummyProgramFrame.cpp"
| #define PACKAGE_TARNAME "src-wxdummyprogramframe-cpp"
| #define PACKAGE_VERSION "src/wxDummyProgramFrameApp.cpp"
| #define PACKAGE_STRING "src/wxDummyProgramFrame.cpp src/wxDummyProgramFrameApp.cpp"
| #define PACKAGE_BUGREPORT ""
| #define PACKAGE "wxdummy"
| #define VERSION "1"
| #ifdef __cplusplus
| extern "C" void std::exit (int) throw (); using std::exit;
| #endif
| #define STDC_HEADERS 1
| #define HAVE_SYS_TYPES_H 1
| #define HAVE_SYS_STAT_H 1
| #define HAVE_STDLIB_H 1
| #define HAVE_STRING_H 1
| #define HAVE_MEMORY_H 1
| #define HAVE_STRINGS_H 1
| #define HAVE_INTTYPES_H 1
| #define HAVE_STDINT_H 1
| #define HAVE_UNISTD_H 1
| #define HAVE_DLFCN_H 1
| /* end confdefs.h.  */
| /* Define shl_load to an innocuous variant, in case <limits.h> declares shl_load.
|    For example, HP-UX 11i <limits.h> declares gettimeofday.  */
| #define shl_load innocuous_shl_load
| 
| /* System header to define __stub macros and hopefully few prototypes,
|     which can conflict with char shl_load (); below.
|     Prefer <limits.h> to <assert.h> if __STDC__ is defined, since
|     <limits.h> exists even on freestanding compilers.  */
| 
| #ifdef __STDC__
| # include <limits.h>
| #else
| # include <assert.h>
| #endif
| 
| #undef shl_load
| 
| /* Override any gcc2 internal prototype to avoid an error.  */
| #ifdef __cplusplus
| extern "C"
| {
| #endif
| /* We use char because int might match the return type of a gcc2
|    builtin and then its argument prototype would still apply.  */
| char shl_load ();
| /* The GNU C library defines this for functions which it implements
|     to always fail with ENOSYS.  Some functions are actually named
|     something starting with __ and the normal name is an alias.  */
| #if defined (__stub_shl_load) || defined (__stub___shl_load)
| choke me
| #else
| char (*f) () = shl_load;
| #endif
| #ifdef __cplusplus
| }
| #endif
| 
| int
| main ()
| {
| return f != shl_load;
|   ;
|   return 0;
| }
configure:8583: result: no
configure:8588: checking for shl_load in -ldld
configure:8618: gcc -o conftest -g -O2   conftest.c -ldld   >&5
/usr/bin/ld: cannot find -ldld
collect2: ld returned 1 exit status
configure:8624: $? = 1
configure: failed program was:
| /* confdefs.h.  */
| 
| #define PACKAGE_NAME "src/wxDummyProgramFrame.cpp"
| #define PACKAGE_TARNAME "src-wxdummyprogramframe-cpp"
| #define PACKAGE_VERSION "src/wxDummyProgramFrameApp.cpp"
| #define PACKAGE_STRING "src/wxDummyProgramFrame.cpp src/wxDummyProgramFrameApp.cpp"
| #define PACKAGE_BUGREPORT ""
| #define PACKAGE "wxdummy"
| #define VERSION "1"
| #ifdef __cplusplus
| extern "C" void std::exit (int) throw (); using std::exit;
| #endif
| #define STDC_HEADERS 1
| #define HAVE_SYS_TYPES_H 1
| #define HAVE_SYS_STAT_H 1
| #define HAVE_STDLIB_H 1
| #define HAVE_STRING_H 1
| #define HAVE_MEMORY_H 1
| #define HAVE_STRINGS_H 1
| #define HAVE_INTTYPES_H 1
| #define HAVE_STDINT_H 1
| #define HAVE_UNISTD_H 1
| #define HAVE_DLFCN_H 1
| /* end confdefs.h.  */
| 
| /* Override any gcc2 internal prototype to avoid an error.  */
| #ifdef __cplusplus
| extern "C"
| #endif
| /* We use char because int might match the return type of a gcc2
|    builtin and then its argument prototype would still apply.  */
| char shl_load ();
| int
| main ()
| {
| shl_load ();
|   ;
|   return 0;
| }
configure:8650: result: no
configure:8655: checking for dlopen
configure:8712: gcc -o conftest -g -O2   conftest.c  >&5
/tmp/ccm22grz.o(.text+0x14): In function `main':
/home/moi/dummy/wxdummy/conftest.c:64: undefined reference to `dlopen'
/tmp/ccm22grz.o(.data+0x0): undefined reference to `dlopen'
collect2: ld returned 1 exit status
configure:8718: $? = 1
configure: failed program was:
| /* confdefs.h.  */
| 
| #define PACKAGE_NAME "src/wxDummyProgramFrame.cpp"
| #define PACKAGE_TARNAME "src-wxdummyprogramframe-cpp"
| #define PACKAGE_VERSION "src/wxDummyProgramFrameApp.cpp"
| #define PACKAGE_STRING "src/wxDummyProgramFrame.cpp src/wxDummyProgramFrameApp.cpp"
| #define PACKAGE_BUGREPORT ""
| #define PACKAGE "wxdummy"
| #define VERSION "1"
| #ifdef __cplusplus
| extern "C" void std::exit (int) throw (); using std::exit;
| #endif
| #define STDC_HEADERS 1
| #define HAVE_SYS_TYPES_H 1
| #define HAVE_SYS_STAT_H 1
| #define HAVE_STDLIB_H 1
| #define HAVE_STRING_H 1
| #define HAVE_MEMORY_H 1
| #define HAVE_STRINGS_H 1
| #define HAVE_INTTYPES_H 1
| #define HAVE_STDINT_H 1
| #define HAVE_UNISTD_H 1
| #define HAVE_DLFCN_H 1
| /* end confdefs.h.  */
| /* Define dlopen to an innocuous variant, in case <limits.h> declares dlopen.
|    For example, HP-UX 11i <limits.h> declares gettimeofday.  */
| #define dlopen innocuous_dlopen
| 
| /* System header to define __stub macros and hopefully few prototypes,
|     which can conflict with char dlopen (); below.
|     Prefer <limits.h> to <assert.h> if __STDC__ is defined, since
|     <limits.h> exists even on freestanding compilers.  */
| 
| #ifdef __STDC__
| # include <limits.h>
| #else
| # include <assert.h>
| #endif
| 
| #undef dlopen
| 
| /* Override any gcc2 internal prototype to avoid an error.  */
| #ifdef __cplusplus
| extern "C"
| {
| #endif
| /* We use char because int might match the return type of a gcc2
|    builtin and then its argument prototype would still apply.  */
| char dlopen ();
| /* The GNU C library defines this for functions which it implements
|     to always fail with ENOSYS.  Some functions are actually named
|     something starting with __ and the normal name is an alias.  */
| #if defined (__stub_dlopen) || defined (__stub___dlopen)
| choke me
| #else
| char (*f) () = dlopen;
| #endif
| #ifdef __cplusplus
| }
| #endif
| 
| int
| main ()
| {
| return f != dlopen;
|   ;
|   return 0;
| }
configure:8743: result: no
configure:8748: checking for dlopen in -ldl
configure:8778: gcc -o conftest -g -O2   conftest.c -ldl   >&5
configure:8784: $? = 0
configure:8788: test -z 
			 || test ! -s conftest.err
configure:8791: $? = 0
configure:8794: test -s conftest
configure:8797: $? = 0
configure:8810: result: yes
configure:8985: checking whether a program can dlopen itself
configure:9057: gcc -o conftest -g -O2  -DHAVE_DLFCN_H  -Wl,--export-dynamic conftest.c -ldl  >&5
configure: In function 'main':
configure:9053: warning: incompatible implicit declaration of built-in function 'exit'
configure:9060: $? = 0
configure:9078: result: yes
configure:9083: checking whether a statically linked program can dlopen itself
configure:9155: gcc -o conftest -g -O2  -DHAVE_DLFCN_H  -Wl,--export-dynamic  conftest.c -ldl  >&5
configure: In function 'main':
configure:9151: warning: incompatible implicit declaration of built-in function 'exit'
configure:9158: $? = 0
configure:9176: result: yes
configure:9199: checking if libtool supports shared libraries
configure:9201: result: yes
configure:9204: checking whether to build shared libraries
configure:9225: result: yes
configure:9228: checking whether to build static libraries
configure:9232: result: yes
configure:9324: creating libtool
configure:9902: checking for ld used by g++
configure:9969: result: /usr/bin/ld
configure:9978: checking if the linker (/usr/bin/ld) is GNU ld
configure:9993: result: yes
configure:10044: checking whether the g++ linker (/usr/bin/ld) supports shared libraries
configure:10931: result: yes
configure:10949: g++ -c -g -O2  conftest.cc >&5
configure:10952: $? = 0
configure:11048: checking for g++ option to produce PIC
configure:11316: result: -fPIC
configure:11324: checking if g++ PIC flag -fPIC works
configure:11342: g++ -c -g -O2  -fPIC -DPIC conftest.cc >&5
configure:11346: $? = 0
configure:11359: result: yes
configure:11383: checking if g++ supports -c -o file.o
configure:11404: g++ -c -g -O2  -o out/conftest2.o conftest.cc >&5
configure:11408: $? = 0
configure:11430: result: yes
configure:11456: checking whether the g++ linker (/usr/bin/ld) supports shared libraries
configure:11481: result: yes
configure:11552: checking dynamic linker characteristics
configure:12115: result: GNU/Linux ld.so
configure:12119: checking how to hardcode library paths into programs
configure:12144: result: immediate
configure:12158: checking whether stripping libraries is possible
configure:12163: result: yes
configure:12289: checking for shl_load
configure:12377: result: no
configure:12382: checking for shl_load in -ldld
configure:12444: result: no
configure:12449: checking for dlopen
configure:12537: result: no
configure:12542: checking for dlopen in -ldl
configure:12604: result: yes
configure:12779: checking whether a program can dlopen itself
configure:12872: result: yes
configure:12877: checking whether a statically linked program can dlopen itself
configure:12970: result: yes
configure:19724: checking wxWidgets version
configure:19727: result: 2.6.1
configure:19904: creating ./config.status

## ---------------------- ##
## Running config.status. ##
## ---------------------- ##

This file was extended by src/wxDummyProgramFrame.cpp config.status src/wxDummyProgramFrameApp.cpp, which was
generated by GNU Autoconf 2.59.  Invocation command line was

  CONFIG_FILES    = 
  CONFIG_HEADERS  = 
  CONFIG_LINKS    = 
  CONFIG_COMMANDS = 
  $ ./config.status 

on localhost.localdomain

config.status:708: creating Makefile
config.status:708: creating src/Makefile
config.status:891: executing depfiles commands

## ---------------- ##
## Cache variables. ##
## ---------------- ##

ac_cv_build=i686-redhat-linux-gnu
ac_cv_build_alias=i686-redhat-linux-gnu
ac_cv_c_compiler_gnu=yes
ac_cv_cxx_compiler_gnu=yes
ac_cv_env_CC_set=
ac_cv_env_CC_value=
ac_cv_env_CFLAGS_set=
ac_cv_env_CFLAGS_value=
ac_cv_env_CPPFLAGS_set=
ac_cv_env_CPPFLAGS_value=
ac_cv_env_CPP_set=
ac_cv_env_CPP_value=
ac_cv_env_CXXCPP_set=
ac_cv_env_CXXCPP_value=
ac_cv_env_CXXFLAGS_set=
ac_cv_env_CXXFLAGS_value=
ac_cv_env_CXX_set=
ac_cv_env_CXX_value=
ac_cv_env_F77_set=
ac_cv_env_F77_value=
ac_cv_env_FFLAGS_set=
ac_cv_env_FFLAGS_value=
ac_cv_env_LDFLAGS_set=
ac_cv_env_LDFLAGS_value=
ac_cv_env_build_alias_set=
ac_cv_env_build_alias_value=
ac_cv_env_host_alias_set=
ac_cv_env_host_alias_value=
ac_cv_env_target_alias_set=
ac_cv_env_target_alias_value=
ac_cv_exeext=
ac_cv_f77_compiler_gnu=no
ac_cv_func_dlopen=no
ac_cv_func_shl_load=no
ac_cv_header_dlfcn_h=yes
ac_cv_header_inttypes_h=yes
ac_cv_header_memory_h=yes
ac_cv_header_stdc=yes
ac_cv_header_stdint_h=yes
ac_cv_header_stdlib_h=yes
ac_cv_header_string_h=yes
ac_cv_header_strings_h=yes
ac_cv_header_sys_stat_h=yes
ac_cv_header_sys_types_h=yes
ac_cv_header_unistd_h=yes
ac_cv_host=i686-redhat-linux-gnu
ac_cv_host_alias=i686-redhat-linux-gnu
ac_cv_lib_dl_dlopen=yes
ac_cv_lib_dld_shl_load=no
ac_cv_objext=o
ac_cv_path_install='/usr/bin/install -c'
ac_cv_prog_AWK=gawk
ac_cv_prog_CPP='gcc -E'
ac_cv_prog_CXXCPP='g++ -E'
ac_cv_prog_ac_ct_AR=ar
ac_cv_prog_ac_ct_CC=gcc
ac_cv_prog_ac_ct_CXX=g++
ac_cv_prog_ac_ct_RANLIB=ranlib
ac_cv_prog_ac_ct_STRIP=strip
ac_cv_prog_cc_g=yes
ac_cv_prog_cc_stdc=
ac_cv_prog_cxx_g=yes
ac_cv_prog_egrep='grep -E'
ac_cv_prog_f77_g=no
ac_cv_prog_make_make_set=yes
am_cv_CC_dependencies_compiler_type=gcc3
am_cv_CXX_dependencies_compiler_type=gcc3
lt_cv_deplibs_check_method=pass_all
lt_cv_dlopen=dlopen
lt_cv_dlopen_libs=-ldl
lt_cv_dlopen_self=yes
lt_cv_dlopen_self_static=yes
lt_cv_file_magic_cmd='$MAGIC_CMD'
lt_cv_file_magic_test_file=
lt_cv_ld_reload_flag=-r
lt_cv_objdir=.libs
lt_cv_path_LD=/usr/bin/ld
lt_cv_path_LDCXX=/usr/bin/ld
lt_cv_path_NM='/usr/bin/nm -B'
lt_cv_path_SED=/bin/sed
lt_cv_prog_compiler_c_o=yes
lt_cv_prog_compiler_c_o_CXX=yes
lt_cv_prog_compiler_rtti_exceptions=no
lt_cv_prog_gnu_ld=yes
lt_cv_prog_gnu_ldcxx=yes
lt_cv_sys_global_symbol_pipe='sed -n -e '\''s/^.*[ 	]\([ABCDGIRSTW][ABCDGIRSTW]*\)[ 	][ 	]*\([_A-Za-z][_A-Za-z0-9]*\)$/\1 \2 \2/p'\'''
lt_cv_sys_global_symbol_to_c_name_address='sed -n -e '\''s/^: \([^ ]*\) $/  {\"\1\", (lt_ptr) 0},/p'\'' -e '\''s/^[BCDEGRST] \([^ ]*\) \([^ ]*\)$/  {"\2", (lt_ptr) \&\2},/p'\'''
lt_cv_sys_global_symbol_to_cdecl='sed -n -e '\''s/^. .* \(.*\)$/extern int \1;/p'\'''
lt_cv_sys_max_cmd_len=32768
lt_lt_cv_prog_compiler_c_o='"yes"'
lt_lt_cv_prog_compiler_c_o_CXX='"yes"'
lt_lt_cv_sys_global_symbol_pipe='"sed -n -e '\''s/^.*[ 	]\\([ABCDGIRSTW][ABCDGIRSTW]*\\)[ 	][ 	]*\\([_A-Za-z][_A-Za-z0-9]*\\)\$/\\1 \\2 \\2/p'\''"'
lt_lt_cv_sys_global_symbol_to_c_name_address='"sed -n -e '\''s/^: \\([^ ]*\\) \$/  {\\\"\\1\\\", (lt_ptr) 0},/p'\'' -e '\''s/^[BCDEGRST] \\([^ ]*\\) \\([^ ]*\\)\$/  {\"\\2\", (lt_ptr) \\&\\2},/p'\''"'
lt_lt_cv_sys_global_symbol_to_cdecl='"sed -n -e '\''s/^. .* \\(.*\\)\$/extern int \\1;/p'\''"'

## ----------------- ##
## Output variables. ##
## ----------------- ##

ACLOCAL='${SHELL} /home/moi/dummy/missing --run aclocal-1.9'
AMDEPBACKSLASH='\'
AMDEP_FALSE='#'
AMDEP_TRUE=''
AMTAR='${SHELL} /home/moi/dummy/missing --run tar'
AR='ar'
AUTOCONF='${SHELL} /home/moi/dummy/missing --run autoconf'
AUTOHEADER='${SHELL} /home/moi/dummy/missing --run autoheader'
AUTOMAKE='${SHELL} /home/moi/dummy/missing --run automake-1.9'
AWK='gawk'
CC='gcc'
CCDEPMODE='depmode=gcc3'
CFLAGS='-g -O2'
CPP='gcc -E'
CPPFLAGS=' -Wall -g -fexceptions -I/usr/local/lib/wx/include/gtk2-ansi-release-2.6 -I/usr/local/include/wx-2.6 -DGTK_NO_CHECK_CASTS -D__WXGTK__ -D_FILE_OFFSET_BITS=64 -D_LARGE_FILES -D_LARGEFILE_SOURCE=1 -DNO_GCC_PRAGMA'
CXX='g++'
CXXCPP='g++ -E'
CXXDEPMODE='depmode=gcc3'
CXXFLAGS=' -Wall -g -fexceptions -Wall -g -fexceptions -I/usr/local/lib/wx/include/gtk2-ansi-release-2.6 -I/usr/local/include/wx-2.6 -DGTK_NO_CHECK_CASTS -D__WXGTK__ -D_FILE_OFFSET_BITS=64 -D_LARGE_FILES -D_LARGEFILE_SOURCE=1 -DNO_GCC_PRAGMA'
CYGPATH_W='echo'
DEFS='-DPACKAGE_NAME=\"src/wxDummyProgramFrame.cpp\" -DPACKAGE_TARNAME=\"src-wxdummyprogramframe-cpp\" -DPACKAGE_VERSION=\"src/wxDummyProgramFrameApp.cpp\" -DPACKAGE_STRING=\"src/wxDummyProgramFrame.cpp\ src/wxDummyProgramFrameApp.cpp\" -DPACKAGE_BUGREPORT=\"\" -DPACKAGE=\"wxdummy\" -DVERSION=\"1\" -DSTDC_HEADERS=1 -DHAVE_SYS_TYPES_H=1 -DHAVE_SYS_STAT_H=1 -DHAVE_STDLIB_H=1 -DHAVE_STRING_H=1 -DHAVE_MEMORY_H=1 -DHAVE_STRINGS_H=1 -DHAVE_INTTYPES_H=1 -DHAVE_STDINT_H=1 -DHAVE_UNISTD_H=1 -DHAVE_DLFCN_H=1 '
DEPDIR='.deps'
ECHO='echo'
ECHO_C=''
ECHO_N='-n'
ECHO_T=''
EGREP='grep -E'
EXEEXT=''
F77=''
FFLAGS=''
INSTALL_DATA='${INSTALL} -m 644'
INSTALL_PROGRAM='${INSTALL}'
INSTALL_SCRIPT='${INSTALL}'
INSTALL_STRIP_PROGRAM='${SHELL} $(install_sh) -c -s'
LDFLAGS=''
LIBOBJS=''
LIBS=''
LIBTOOL='$(SHELL) $(top_builddir)/libtool'
LN_S='ln -s'
LTLIBOBJS=''
MAKEINFO='${SHELL} /home/moi/dummy/missing --run makeinfo'
OBJEXT='o'
PACKAGE='wxdummy'
PACKAGE_BUGREPORT=''
PACKAGE_NAME='src/wxDummyProgramFrame.cpp'
PACKAGE_STRING='src/wxDummyProgramFrame.cpp src/wxDummyProgramFrameApp.cpp'
PACKAGE_TARNAME='src-wxdummyprogramframe-cpp'
PACKAGE_VERSION='src/wxDummyProgramFrameApp.cpp'
PATH_SEPARATOR=':'
RANLIB='ranlib'
SET_MAKE=''
SHELL='/bin/sh'
STRIP='strip'
VERSION='1'
WX_LIBS='-L/usr/local/lib -pthread   -L/usr/X11R6/lib  -lwx_gtk2_xrc-2.6 -lwx_gtk2_qa-2.6 -lwx_gtk2_html-2.6 -lwx_gtk2_adv-2.6 -lwx_gtk2_core-2.6 -lwx_base_xml-2.6 -lwx_base_net-2.6 -lwx_base-2.6 '
ac_ct_AR='ar'
ac_ct_CC='gcc'
ac_ct_CXX='g++'
ac_ct_F77=''
ac_ct_RANLIB='ranlib'
ac_ct_STRIP='strip'
am__fastdepCC_FALSE='#'
am__fastdepCC_TRUE=''
am__fastdepCXX_FALSE='#'
am__fastdepCXX_TRUE=''
am__include='include'
am__leading_dot='.'
am__quote=''
am__tar='${AMTAR} chof - "$$tardir"'
am__untar='${AMTAR} xf -'
bindir='${exec_prefix}/bin'
build='i686-redhat-linux-gnu'
build_alias=''
build_cpu='i686'
build_os='linux-gnu'
build_vendor='redhat'
datadir='${prefix}/share'
exec_prefix='${prefix}'
host='i686-redhat-linux-gnu'
host_alias=''
host_cpu='i686'
host_os='linux-gnu'
host_vendor='redhat'
includedir='${prefix}/include'
infodir='${prefix}/info'
install_sh='/home/moi/dummy/install-sh'
libdir='${exec_prefix}/lib'
libexecdir='${exec_prefix}/libexec'
localstatedir='${prefix}/var'
mandir='${prefix}/man'
mkdir_p='mkdir -p --'
oldincludedir='/usr/include'
prefix='/usr/local'
program_transform_name='s,x,x,'
sbindir='${exec_prefix}/sbin'
sharedstatedir='${prefix}/com'
sysconfdir='${prefix}/etc'
target_alias=''

## ----------- ##
## confdefs.h. ##
## ----------- ##

#define HAVE_DLFCN_H 1
#define HAVE_INTTYPES_H 1
#define HAVE_MEMORY_H 1
#define HAVE_STDINT_H 1
#define HAVE_STDLIB_H 1
#define HAVE_STRINGS_H 1
#define HAVE_STRING_H 1
#define HAVE_SYS_STAT_H 1
#define HAVE_SYS_TYPES_H 1
#define HAVE_UNISTD_H 1
#define PACKAGE "wxdummy"
#define PACKAGE_BUGREPORT ""
#define PACKAGE_NAME "src/wxDummyProgramFrame.cpp"
#define PACKAGE_STRING "src/wxDummyProgramFrame.cpp src/wxDummyProgramFrameApp.cpp"
#define PACKAGE_TARNAME "src-wxdummyprogramframe-cpp"
#define PACKAGE_VERSION "src/wxDummyProgramFrameApp.cpp"
#define STDC_HEADERS 1
#define VERSION "1"
#endif
#ifdef __cplusplus
extern "C" void std::exit (int) throw (); using std::exit;

configure: exit 0
