This file contains any messages produced by compilers while
running configure, to aid debugging if configure makes a mistake.

It was created by configure, which was
generated by GNU Autoconf 2.68.  Invocation command line was

  $ ./configure 

## --------- ##
## Platform. ##
## --------- ##

hostname = moi-desktop
uname -m = i686
uname -r = 3.2.0-31-generic
uname -s = Linux
uname -v = #50-Ubuntu SMP Fri Sep 7 16:17:36 UTC 2012

/usr/bin/uname -p = unknown
/bin/uname -X     = unknown

/bin/arch              = unknown
/usr/bin/arch -k       = unknown
/usr/convex/getsysinfo = unknown
/usr/bin/hostinfo      = unknown
/bin/machine           = unknown
/usr/bin/oslevel       = unknown
/bin/universe          = unknown

PATH: /home/moi/bin
PATH: /usr/lib/lightdm/lightdm
PATH: /usr/local/sbin
PATH: /usr/local/bin
PATH: /usr/sbin
PATH: /usr/bin
PATH: /sbin
PATH: /bin
PATH: /usr/games


## ----------- ##
## Core tests. ##
## ----------- ##

configure:2633: checking for a BSD-compatible install
configure:2701: result: /usr/bin/install -c
configure:2712: checking whether build environment is sane
configure:2749: result: yes
configure:2811: checking for gawk
configure:2827: found /usr/bin/gawk
configure:2838: result: gawk
configure:2849: checking whether make sets $(MAKE)
configure:2871: result: yes
configure:3114: checking for g++
configure:3130: found /usr/bin/g++
configure:3141: result: g++
configure:3168: checking for C++ compiler version
configure:3177: g++ --version >&5
g++ (Ubuntu/Linaro 4.6.3-1ubuntu5) 4.6.3
Copyright (C) 2011 Free Software Foundation, Inc.
This is free software; see the source for copying conditions.  There is NO
warranty; not even for MERCHANTABILITY or FITNESS FOR A PARTICULAR PURPOSE.

configure:3188: $? = 0
configure:3177: g++ -v >&5
Using built-in specs.
COLLECT_GCC=g++
COLLECT_LTO_WRAPPER=/usr/lib/gcc/i686-linux-gnu/4.6/lto-wrapper
Target: i686-linux-gnu
Configured with: ../src/configure -v --with-pkgversion='Ubuntu/Linaro 4.6.3-1ubuntu5' --with-bugurl=file:///usr/share/doc/gcc-4.6/README.Bugs --enable-languages=c,c++,fortran,objc,obj-c++ --prefix=/usr --program-suffix=-4.6 --enable-shared --enable-linker-build-id --with-system-zlib --libexecdir=/usr/lib --without-included-gettext --enable-threads=posix --with-gxx-include-dir=/usr/include/c++/4.6 --libdir=/usr/lib --enable-nls --with-sysroot=/ --enable-clocale=gnu --enable-libstdcxx-debug --enable-libstdcxx-time=yes --enable-gnu-unique-object --enable-plugin --enable-objc-gc --enable-targets=all --disable-werror --with-arch-32=i686 --with-tune=generic --enable-checking=release --build=i686-linux-gnu --host=i686-linux-gnu --target=i686-linux-gnu
Thread model: posix
gcc version 4.6.3 (Ubuntu/Linaro 4.6.3-1ubuntu5) 
configure:3188: $? = 0
configure:3177: g++ -V >&5
g++: error: unrecognized option '-V'
g++: fatal error: no input files
compilation terminated.
configure:3188: $? = 4
configure:3177: g++ -qversion >&5
g++: error: unrecognized option '-qversion'
g++: fatal error: no input files
compilation terminated.
configure:3188: $? = 4
configure:3208: checking whether the C++ compiler works
configure:3230: g++    conftest.cpp  >&5
configure:3234: $? = 0
configure:3282: result: yes
configure:3285: checking for C++ compiler default output file name
configure:3287: result: a.out
configure:3293: checking for suffix of executables
configure:3300: g++ -o conftest    conftest.cpp  >&5
configure:3304: $? = 0
configure:3326: result: 
configure:3348: checking whether we are cross compiling
configure:3356: g++ -o conftest    conftest.cpp  >&5
configure:3360: $? = 0
configure:3367: ./conftest
configure:3371: $? = 0
configure:3386: result: no
configure:3391: checking for suffix of object files
configure:3413: g++ -c   conftest.cpp >&5
configure:3417: $? = 0
configure:3438: result: o
configure:3442: checking whether we are using the GNU C++ compiler
configure:3461: g++ -c   conftest.cpp >&5
configure:3461: $? = 0
configure:3470: result: yes
configure:3479: checking whether g++ accepts -g
configure:3499: g++ -c -g  conftest.cpp >&5
configure:3499: $? = 0
configure:3540: result: yes
configure:3574: checking for style of include used by make
configure:3602: result: GNU
configure:3630: checking dependency style of g++
configure:3720: result: gcc3
configure:3813: checking build system type
configure:3827: result: i686-pc-linux-gnu
configure:3847: checking host system type
configure:3860: result: i686-pc-linux-gnu
configure:3928: checking for gcc
configure:3944: found /usr/bin/gcc
configure:3955: result: gcc
configure:4184: checking for C compiler version
configure:4193: gcc --version >&5
gcc (Ubuntu/Linaro 4.6.3-1ubuntu5) 4.6.3
Copyright (C) 2011 Free Software Foundation, Inc.
This is free software; see the source for copying conditions.  There is NO
warranty; not even for MERCHANTABILITY or FITNESS FOR A PARTICULAR PURPOSE.

configure:4204: $? = 0
configure:4193: gcc -v >&5
Using built-in specs.
COLLECT_GCC=gcc
COLLECT_LTO_WRAPPER=/usr/lib/gcc/i686-linux-gnu/4.6/lto-wrapper
Target: i686-linux-gnu
Configured with: ../src/configure -v --with-pkgversion='Ubuntu/Linaro 4.6.3-1ubuntu5' --with-bugurl=file:///usr/share/doc/gcc-4.6/README.Bugs --enable-languages=c,c++,fortran,objc,obj-c++ --prefix=/usr --program-suffix=-4.6 --enable-shared --enable-linker-build-id --with-system-zlib --libexecdir=/usr/lib --without-included-gettext --enable-threads=posix --with-gxx-include-dir=/usr/include/c++/4.6 --libdir=/usr/lib --enable-nls --with-sysroot=/ --enable-clocale=gnu --enable-libstdcxx-debug --enable-libstdcxx-time=yes --enable-gnu-unique-object --enable-plugin --enable-objc-gc --enable-targets=all --disable-werror --with-arch-32=i686 --with-tune=generic --enable-checking=release --build=i686-linux-gnu --host=i686-linux-gnu --target=i686-linux-gnu
Thread model: posix
gcc version 4.6.3 (Ubuntu/Linaro 4.6.3-1ubuntu5) 
configure:4204: $? = 0
configure:4193: gcc -V >&5
gcc: error: unrecognized option '-V'
gcc: fatal error: no input files
compilation terminated.
configure:4204: $? = 4
configure:4193: gcc -qversion >&5
gcc: error: unrecognized option '-qversion'
gcc: fatal error: no input files
compilation terminated.
configure:4204: $? = 4
configure:4208: checking whether we are using the GNU C compiler
configure:4227: gcc -c   conftest.c >&5
configure:4227: $? = 0
configure:4236: result: yes
configure:4245: checking whether gcc accepts -g
configure:4265: gcc -c -g  conftest.c >&5
configure:4265: $? = 0
configure:4306: result: yes
configure:4323: checking for gcc option to accept ISO C89
configure:4387: gcc  -c -g -O2  conftest.c >&5
configure:4387: $? = 0
configure:4400: result: none needed
configure:4422: checking dependency style of gcc
configure:4512: result: gcc3
configure:4529: checking for a sed that does not truncate output
configure:4583: result: /bin/sed
configure:4586: checking for grep that handles long lines and -e
configure:4644: result: /bin/grep
configure:4649: checking for egrep
configure:4711: result: /bin/grep -E
configure:4727: checking for ld used by gcc
configure:4794: result: /usr/bin/ld
configure:4801: checking if the linker (/usr/bin/ld) is GNU ld
configure:4816: result: yes
configure:4821: checking for /usr/bin/ld option to reload object files
configure:4828: result: -r
configure:4846: checking for BSD-compatible nm
configure:4888: result: /usr/bin/nm -B
configure:4892: checking whether ln -s works
configure:4896: result: yes
configure:4903: checking how to recognise dependent libraries
configure:5075: result: pass_all
configure:5261: checking how to run the C preprocessor
configure:5292: gcc -E  conftest.c
configure:5292: $? = 0
configure:5306: gcc -E  conftest.c
conftest.c:11:28: fatal error: ac_nonexistent.h: No such file or directory
compilation terminated.
configure:5306: $? = 1
configure: failed program was:
| /* confdefs.h */
| #define PACKAGE_NAME ""
| #define PACKAGE_TARNAME ""
| #define PACKAGE_VERSION ""
| #define PACKAGE_STRING ""
| #define PACKAGE_BUGREPORT ""
| #define PACKAGE_URL ""
| #define PACKAGE "dummy"
| #define VERSION "1"
| /* end confdefs.h.  */
| #include <ac_nonexistent.h>
configure:5331: result: gcc -E
configure:5351: gcc -E  conftest.c
configure:5351: $? = 0
configure:5365: gcc -E  conftest.c
conftest.c:11:28: fatal error: ac_nonexistent.h: No such file or directory
compilation terminated.
configure:5365: $? = 1
configure: failed program was:
| /* confdefs.h */
| #define PACKAGE_NAME ""
| #define PACKAGE_TARNAME ""
| #define PACKAGE_VERSION ""
| #define PACKAGE_STRING ""
| #define PACKAGE_BUGREPORT ""
| #define PACKAGE_URL ""
| #define PACKAGE "dummy"
| #define VERSION "1"
| /* end confdefs.h.  */
| #include <ac_nonexistent.h>
configure:5394: checking for ANSI C header files
configure:5414: gcc -c -g -O2  conftest.c >&5
configure:5414: $? = 0
configure:5487: gcc -o conftest -g -O2   conftest.c  >&5
configure:5487: $? = 0
configure:5487: ./conftest
configure:5487: $? = 0
configure:5498: result: yes
configure:5511: checking for sys/types.h
configure:5511: gcc -c -g -O2  conftest.c >&5
configure:5511: $? = 0
configure:5511: result: yes
configure:5511: checking for sys/stat.h
configure:5511: gcc -c -g -O2  conftest.c >&5
configure:5511: $? = 0
configure:5511: result: yes
configure:5511: checking for stdlib.h
configure:5511: gcc -c -g -O2  conftest.c >&5
configure:5511: $? = 0
configure:5511: result: yes
configure:5511: checking for string.h
configure:5511: gcc -c -g -O2  conftest.c >&5
configure:5511: $? = 0
configure:5511: result: yes
configure:5511: checking for memory.h
configure:5511: gcc -c -g -O2  conftest.c >&5
configure:5511: $? = 0
configure:5511: result: yes
configure:5511: checking for strings.h
configure:5511: gcc -c -g -O2  conftest.c >&5
configure:5511: $? = 0
configure:5511: result: yes
configure:5511: checking for inttypes.h
configure:5511: gcc -c -g -O2  conftest.c >&5
configure:5511: $? = 0
configure:5511: result: yes
configure:5511: checking for stdint.h
configure:5511: gcc -c -g -O2  conftest.c >&5
configure:5511: $? = 0
configure:5511: result: yes
configure:5511: checking for unistd.h
configure:5511: gcc -c -g -O2  conftest.c >&5
configure:5511: $? = 0
configure:5511: result: yes
configure:5525: checking dlfcn.h usability
configure:5525: gcc -c -g -O2  conftest.c >&5
configure:5525: $? = 0
configure:5525: result: yes
configure:5525: checking dlfcn.h presence
configure:5525: gcc -E  conftest.c
configure:5525: $? = 0
configure:5525: result: yes
configure:5525: checking for dlfcn.h
configure:5525: result: yes
configure:5545: checking how to run the C++ preprocessor
configure:5572: g++ -E  conftest.cpp
configure:5572: $? = 0
configure:5586: g++ -E  conftest.cpp
conftest.cpp:22:28: fatal error: ac_nonexistent.h: No such file or directory
compilation terminated.
configure:5586: $? = 1
configure: failed program was:
| /* confdefs.h */
| #define PACKAGE_NAME ""
| #define PACKAGE_TARNAME ""
| #define PACKAGE_VERSION ""
| #define PACKAGE_STRING ""
| #define PACKAGE_BUGREPORT ""
| #define PACKAGE_URL ""
| #define PACKAGE "dummy"
| #define VERSION "1"
| #define STDC_HEADERS 1
| #define HAVE_SYS_TYPES_H 1
| #define HAVE_SYS_STAT_H 1
| #define HAVE_STDLIB_H 1
| #define HAVE_STRING_H 1
| #define HAVE_MEMORY_H 1
| #define HAVE_STRINGS_H 1
| #define HAVE_INTTYPES_H 1
| #define HAVE_STDINT_H 1
| #define HAVE_UNISTD_H 1
| #define HAVE_DLFCN_H 1
| /* end confdefs.h.  */
| #include <ac_nonexistent.h>
configure:5611: result: g++ -E
configure:5631: g++ -E  conftest.cpp
configure:5631: $? = 0
configure:5645: g++ -E  conftest.cpp
conftest.cpp:22:28: fatal error: ac_nonexistent.h: No such file or directory
compilation terminated.
configure:5645: $? = 1
configure: failed program was:
| /* confdefs.h */
| #define PACKAGE_NAME ""
| #define PACKAGE_TARNAME ""
| #define PACKAGE_VERSION ""
| #define PACKAGE_STRING ""
| #define PACKAGE_BUGREPORT ""
| #define PACKAGE_URL ""
| #define PACKAGE "dummy"
| #define VERSION "1"
| #define STDC_HEADERS 1
| #define HAVE_SYS_TYPES_H 1
| #define HAVE_SYS_STAT_H 1
| #define HAVE_STDLIB_H 1
| #define HAVE_STRING_H 1
| #define HAVE_MEMORY_H 1
| #define HAVE_STRINGS_H 1
| #define HAVE_INTTYPES_H 1
| #define HAVE_STDINT_H 1
| #define HAVE_UNISTD_H 1
| #define HAVE_DLFCN_H 1
| /* end confdefs.h.  */
| #include <ac_nonexistent.h>
configure:5729: checking for g77
configure:5759: result: no
configure:5729: checking for xlf
configure:5759: result: no
configure:5729: checking for f77
configure:5759: result: no
configure:5729: checking for frt
configure:5759: result: no
configure:5729: checking for pgf77
configure:5759: result: no
configure:5729: checking for cf77
configure:5759: result: no
configure:5729: checking for fort77
configure:5759: result: no
configure:5729: checking for fl32
configure:5759: result: no
configure:5729: checking for af77
configure:5759: result: no
configure:5729: checking for xlf90
configure:5759: result: no
configure:5729: checking for f90
configure:5759: result: no
configure:5729: checking for pgf90
configure:5759: result: no
configure:5729: checking for pghpf
configure:5759: result: no
configure:5729: checking for epcf90
configure:5759: result: no
configure:5729: checking for gfortran
configure:5759: result: no
configure:5729: checking for g95
configure:5759: result: no
configure:5729: checking for xlf95
configure:5759: result: no
configure:5729: checking for f95
configure:5759: result: no
configure:5729: checking for fort
configure:5759: result: no
configure:5729: checking for ifort
configure:5759: result: no
configure:5729: checking for ifc
configure:5759: result: no
configure:5729: checking for efc
configure:5759: result: no
configure:5729: checking for pgfortran
configure:5759: result: no
configure:5729: checking for pgf95
configure:5759: result: no
configure:5729: checking for lf95
configure:5759: result: no
configure:5729: checking for ftn
configure:5759: result: no
configure:5782: checking for Fortran 77 compiler version
configure:5791:  --version >&5
./configure: line 5793: --version: command not found
configure:5802: $? = 127
configure:5791:  -v >&5
./configure: line 5793: -v: command not found
configure:5802: $? = 127
configure:5791:  -V >&5
./configure: line 5793: -V: command not found
configure:5802: $? = 127
configure:5791:  -qversion >&5
./configure: line 5793: -qversion: command not found
configure:5802: $? = 127
configure:5811: checking whether we are using the GNU Fortran 77 compiler
configure:5824:  -c  conftest.F >&5
./configure: line 2165: -c: command not found
configure:5824: $? = 127
configure: failed program was:
|       program main
| #ifndef __GNUC__
|        choke me
| #endif
| 
|       end
configure:5833: result: no
configure:5839: checking whether  accepts -g
configure:5850:  -c -g conftest.f >&5
./configure: line 2165: -c: command not found
configure:5850: $? = 127
configure: failed program was:
|       program main
| 
|       end
configure:5858: result: no
configure:5892: checking the maximum length of command line arguments
configure:5984: result: 32768
configure:5995: checking command to parse /usr/bin/nm -B output from gcc object
configure:6091: g++ -c -g -O2  conftest.cpp >&5
configure:6094: $? = 0
configure:6098: /usr/bin/nm -B conftest.o \| sed -n -e 's/^.*[ 	]\([ABCDGIRSTW][ABCDGIRSTW]*\)[ 	][ 	]*\([_A-Za-z][_A-Za-z0-9]*\)$/\1 \2 \2/p' \> conftest.nm
configure:6101: $? = 0
configure:6153: g++ -o conftest -g -O2   conftest.cpp conftstm.o >&5
configure:6156: $? = 0
configure:6194: result: ok
configure:6198: checking for objdir
configure:6213: result: .libs
configure:6305: checking for ar
configure:6321: found /usr/bin/ar
configure:6332: result: ar
configure:6397: checking for ranlib
configure:6413: found /usr/bin/ranlib
configure:6424: result: ranlib
configure:6489: checking for strip
configure:6505: found /usr/bin/strip
configure:6516: result: strip
configure:6813: checking if gcc static flag  works
configure:6841: result: yes
configure:6859: checking if gcc supports -fno-rtti -fno-exceptions
configure:6877: gcc -c -g -O2  -fno-rtti -fno-exceptions conftest.c >&5
cc1: warning: command line option '-fno-rtti' is valid for C++/ObjC++ but not for C [enabled by default]
configure:6881: $? = 0
configure:6894: result: no
configure:6909: checking for gcc option to produce PIC
configure:7113: result: -fPIC
configure:7121: checking if gcc PIC flag -fPIC works
configure:7139: gcc -c -g -O2  -fPIC -DPIC conftest.c >&5
configure:7143: $? = 0
configure:7156: result: yes
configure:7180: checking if gcc supports -c -o file.o
configure:7201: gcc -c -g -O2  -o out/conftest2.o conftest.c >&5
configure:7205: $? = 0
configure:7227: result: yes
configure:7253: checking whether the gcc linker (/usr/bin/ld) supports shared libraries
configure:8090: result: yes
configure:8116: checking whether -lc should be explicitly linked in
configure:8121: gcc -c -g -O2  conftest.c >&5
configure:8124: $? = 0
configure:8138: gcc -shared conftest.o  -v -Wl,-soname -Wl,conftest -o conftest 2\>\&1 \| grep  -lc  \>/dev/null 2\>\&1
configure:8141: $? = 0
configure:8153: result: no
configure:8161: checking dynamic linker characteristics
configure:8724: result: GNU/Linux ld.so
configure:8728: checking how to hardcode library paths into programs
configure:8753: result: immediate
configure:8767: checking whether stripping libraries is possible
configure:8772: result: yes
configure:9284: checking if libtool supports shared libraries
configure:9286: result: yes
configure:9289: checking whether to build shared libraries
configure:9310: result: yes
configure:9313: checking whether to build static libraries
configure:9317: result: yes
configure:9409: creating libtool
configure:9983: checking for ld used by g++
configure:10050: result: /usr/bin/ld
configure:10057: checking if the linker (/usr/bin/ld) is GNU ld
configure:10072: result: yes
configure:10123: checking whether the g++ linker (/usr/bin/ld) supports shared libraries
configure:10952: result: yes
configure:10970: g++ -c -g -O2  conftest.cc >&5
configure:10973: $? = 0
configure:11069: checking for g++ option to produce PIC
configure:11337: result: -fPIC
configure:11345: checking if g++ PIC flag -fPIC works
configure:11363: g++ -c -g -O2  -fPIC -DPIC conftest.cc >&5
configure:11367: $? = 0
configure:11380: result: yes
configure:11404: checking if g++ supports -c -o file.o
configure:11425: g++ -c -g -O2  -o out/conftest2.o conftest.cc >&5
configure:11429: $? = 0
configure:11451: result: yes
configure:11477: checking whether the g++ linker (/usr/bin/ld) supports shared libraries
configure:11502: result: yes
configure:11573: checking dynamic linker characteristics
configure:12136: result: GNU/Linux ld.so
configure:12140: checking how to hardcode library paths into programs
configure:12165: result: immediate
configure:12179: checking whether stripping libraries is possible
configure:12184: result: yes
configure:19101: creating ./config.status

## ---------------------- ##
## Running config.status. ##
## ---------------------- ##

This file was extended by config.status, which was
generated by GNU Autoconf 2.68.  Invocation command line was

  CONFIG_FILES    = 
  CONFIG_HEADERS  = 
  CONFIG_LINKS    = 
  CONFIG_COMMANDS = 
  $ ./config.status 

on moi-desktop

config.status:879: creating Makefile
config.status:982: WARNING:  'Makefile.in' seems to ignore the --datarootdir setting
config.status:879: creating src/Makefile
config.status:982: WARNING:  'src/Makefile.in' seems to ignore the --datarootdir setting
config.status:879: creating config.h
config.status:1101: executing depfiles commands

## ---------------- ##
## Cache variables. ##
## ---------------- ##

ac_cv_build=i686-pc-linux-gnu
ac_cv_c_compiler_gnu=yes
ac_cv_cxx_compiler_gnu=yes
ac_cv_env_CCC_set=
ac_cv_env_CCC_value=
ac_cv_env_CC_set=
ac_cv_env_CC_value=
ac_cv_env_CFLAGS_set=
ac_cv_env_CFLAGS_value=
ac_cv_env_CPPFLAGS_set=
ac_cv_env_CPPFLAGS_value=
ac_cv_env_CPP_set=
ac_cv_env_CPP_value=
ac_cv_env_CXXCPP_set=
ac_cv_env_CXXCPP_value=
ac_cv_env_CXXFLAGS_set=
ac_cv_env_CXXFLAGS_value=
ac_cv_env_CXX_set=
ac_cv_env_CXX_value=
ac_cv_env_F77_set=
ac_cv_env_F77_value=
ac_cv_env_FFLAGS_set=
ac_cv_env_FFLAGS_value=
ac_cv_env_LDFLAGS_set=
ac_cv_env_LDFLAGS_value=
ac_cv_env_LIBS_set=
ac_cv_env_LIBS_value=
ac_cv_env_build_alias_set=
ac_cv_env_build_alias_value=
ac_cv_env_host_alias_set=
ac_cv_env_host_alias_value=
ac_cv_env_target_alias_set=
ac_cv_env_target_alias_value=
ac_cv_f77_compiler_gnu=no
ac_cv_header_dlfcn_h=yes
ac_cv_header_inttypes_h=yes
ac_cv_header_memory_h=yes
ac_cv_header_stdc=yes
ac_cv_header_stdint_h=yes
ac_cv_header_stdlib_h=yes
ac_cv_header_string_h=yes
ac_cv_header_strings_h=yes
ac_cv_header_sys_stat_h=yes
ac_cv_header_sys_types_h=yes
ac_cv_header_unistd_h=yes
ac_cv_host=i686-pc-linux-gnu
ac_cv_objext=o
ac_cv_path_EGREP='/bin/grep -E'
ac_cv_path_GREP=/bin/grep
ac_cv_path_install='/usr/bin/install -c'
ac_cv_prog_AWK=gawk
ac_cv_prog_CPP='gcc -E'
ac_cv_prog_CXXCPP='g++ -E'
ac_cv_prog_ac_ct_AR=ar
ac_cv_prog_ac_ct_CC=gcc
ac_cv_prog_ac_ct_CXX=g++
ac_cv_prog_ac_ct_RANLIB=ranlib
ac_cv_prog_ac_ct_STRIP=strip
ac_cv_prog_cc_c89=
ac_cv_prog_cc_g=yes
ac_cv_prog_cxx_g=yes
ac_cv_prog_f77_g=no
ac_cv_prog_make_make_set=yes
am_cv_CC_dependencies_compiler_type=gcc3
am_cv_CXX_dependencies_compiler_type=gcc3
lt_cv_deplibs_check_method=pass_all
lt_cv_file_magic_cmd='$MAGIC_CMD'
lt_cv_file_magic_test_file=
lt_cv_ld_reload_flag=-r
lt_cv_objdir=.libs
lt_cv_path_LD=/usr/bin/ld
lt_cv_path_LDCXX=/usr/bin/ld
lt_cv_path_NM='/usr/bin/nm -B'
lt_cv_path_SED=/bin/sed
lt_cv_prog_compiler_c_o=yes
lt_cv_prog_compiler_c_o_CXX=yes
lt_cv_prog_compiler_rtti_exceptions=no
lt_cv_prog_gnu_ld=yes
lt_cv_prog_gnu_ldcxx=yes
lt_cv_sys_global_symbol_pipe='sed -n -e '\''s/^.*[ 	]\([ABCDGIRSTW][ABCDGIRSTW]*\)[ 	][ 	]*\([_A-Za-z][_A-Za-z0-9]*\)$/\1 \2 \2/p'\'''
lt_cv_sys_global_symbol_to_c_name_address='sed -n -e '\''s/^: \([^ ]*\) $/  {\"\1\", (lt_ptr) 0},/p'\'' -e '\''s/^[BCDEGRST] \([^ ]*\) \([^ ]*\)$/  {"\2", (lt_ptr) \&\2},/p'\'''
lt_cv_sys_global_symbol_to_cdecl='sed -n -e '\''s/^. .* \(.*\)$/extern int \1;/p'\'''
lt_cv_sys_max_cmd_len=32768
lt_lt_cv_prog_compiler_c_o='"yes"'
lt_lt_cv_prog_compiler_c_o_CXX='"yes"'
lt_lt_cv_sys_global_symbol_pipe='"sed -n -e '\''s/^.*[ 	]\\([ABCDGIRSTW][ABCDGIRSTW]*\\)[ 	][ 	]*\\([_A-Za-z][_A-Za-z0-9]*\\)\$/\\1 \\2 \\2/p'\''"'
lt_lt_cv_sys_global_symbol_to_c_name_address='"sed -n -e '\''s/^: \\([^ ]*\\) \$/  {\\\"\\1\\\", (lt_ptr) 0},/p'\'' -e '\''s/^[BCDEGRST] \\([^ ]*\\) \\([^ ]*\\)\$/  {\"\\2\", (lt_ptr) \\&\\2},/p'\''"'
lt_lt_cv_sys_global_symbol_to_cdecl='"sed -n -e '\''s/^. .* \\(.*\\)\$/extern int \\1;/p'\''"'

## ----------------- ##
## Output variables. ##
## ----------------- ##

ACLOCAL='${SHELL} /home/moi/xcpplibs/dummy/missing --run aclocal-1.9'
AMDEPBACKSLASH='\'
AMDEP_FALSE='#'
AMDEP_TRUE=''
AMTAR='${SHELL} /home/moi/xcpplibs/dummy/missing --run tar'
AR='ar'
AUTOCONF='${SHELL} /home/moi/xcpplibs/dummy/missing --run autoconf'
AUTOHEADER='${SHELL} /home/moi/xcpplibs/dummy/missing --run autoheader'
AUTOMAKE='${SHELL} /home/moi/xcpplibs/dummy/missing --run automake-1.9'
AWK='gawk'
CC='gcc'
CCDEPMODE='depmode=gcc3'
CFLAGS='-g -O2'
CPP='gcc -E'
CPPFLAGS=''
CXX='g++'
CXXCPP='g++ -E'
CXXDEPMODE='depmode=gcc3'
CXXFLAGS='-g -O2'
CYGPATH_W='echo'
DEFS='-DHAVE_CONFIG_H'
DEPDIR='.deps'
ECHO='echo'
ECHO_C=''
ECHO_N='-n'
ECHO_T=''
EGREP='/bin/grep -E'
EXEEXT=''
F77=''
FFLAGS=''
GREP='/bin/grep'
INSTALL_DATA='${INSTALL} -m 644'
INSTALL_PROGRAM='${INSTALL}'
INSTALL_SCRIPT='${INSTALL}'
INSTALL_STRIP_PROGRAM='${SHELL} $(install_sh) -c -s'
LDFLAGS=''
LIBOBJS=''
LIBS=''
LIBTOOL='$(SHELL) $(top_builddir)/libtool'
LN_S='ln -s'
LTLIBOBJS=''
MAKEINFO='${SHELL} /home/moi/xcpplibs/dummy/missing --run makeinfo'
OBJEXT='o'
PACKAGE='dummy'
PACKAGE_BUGREPORT=''
PACKAGE_NAME=''
PACKAGE_STRING=''
PACKAGE_TARNAME=''
PACKAGE_URL=''
PACKAGE_VERSION=''
PATH_SEPARATOR=':'
RANLIB='ranlib'
SET_MAKE=''
SHELL='/bin/bash'
STRIP='strip'
VERSION='1'
ac_ct_CC='gcc'
ac_ct_CXX='g++'
ac_ct_F77=''
am__fastdepCC_FALSE='#'
am__fastdepCC_TRUE=''
am__fastdepCXX_FALSE='#'
am__fastdepCXX_TRUE=''
am__include='include'
am__leading_dot='.'
am__quote=''
am__tar='${AMTAR} chof - "$$tardir"'
am__untar='${AMTAR} xf -'
bindir='${exec_prefix}/bin'
build='i686-pc-linux-gnu'
build_alias=''
build_cpu='i686'
build_os='linux-gnu'
build_vendor='pc'
datadir='${datarootdir}'
datarootdir='${prefix}/share'
docdir='${datarootdir}/doc/${PACKAGE}'
dvidir='${docdir}'
exec_prefix='${prefix}'
host='i686-pc-linux-gnu'
host_alias=''
host_cpu='i686'
host_os='linux-gnu'
host_vendor='pc'
htmldir='${docdir}'
includedir='${prefix}/include'
infodir='${datarootdir}/info'
install_sh='/home/moi/xcpplibs/dummy/install-sh'
libdir='${exec_prefix}/lib'
libexecdir='${exec_prefix}/libexec'
localedir='${datarootdir}/locale'
localstatedir='${prefix}/var'
mandir='${datarootdir}/man'
mkdir_p='mkdir -p --'
oldincludedir='/usr/include'
pdfdir='${docdir}'
prefix='/usr/local'
program_transform_name='s,x,x,'
psdir='${docdir}'
sbindir='${exec_prefix}/sbin'
sharedstatedir='${prefix}/com'
sysconfdir='${prefix}/etc'
target_alias=''

## ----------- ##
## confdefs.h. ##
## ----------- ##

/* confdefs.h */
#define PACKAGE_NAME ""
#define PACKAGE_TARNAME ""
#define PACKAGE_VERSION ""
#define PACKAGE_STRING ""
#define PACKAGE_BUGREPORT ""
#define PACKAGE_URL ""
#define PACKAGE "dummy"
#define VERSION "1"
#define STDC_HEADERS 1
#define HAVE_SYS_TYPES_H 1
#define HAVE_SYS_STAT_H 1
#define HAVE_STDLIB_H 1
#define HAVE_STRING_H 1
#define HAVE_MEMORY_H 1
#define HAVE_STRINGS_H 1
#define HAVE_INTTYPES_H 1
#define HAVE_STDINT_H 1
#define HAVE_UNISTD_H 1
#define HAVE_DLFCN_H 1

configure: exit 0
